Traceback (most recent call last):
  File "/home/jubayer/anaconda3/envs/dsn-template/lib/python3.7/site-packages/jupyter_cache/executors/utils.py", line 56, in single_nb_execution
    record_timing=False,
  File "/home/jubayer/anaconda3/envs/dsn-template/lib/python3.7/site-packages/nbclient/client.py", line 1082, in execute
    return NotebookClient(nb=nb, resources=resources, km=km, **kwargs).execute()
  File "/home/jubayer/anaconda3/envs/dsn-template/lib/python3.7/site-packages/nbclient/util.py", line 74, in wrapped
    return just_run(coro(*args, **kwargs))
  File "/home/jubayer/anaconda3/envs/dsn-template/lib/python3.7/site-packages/nbclient/util.py", line 53, in just_run
    return loop.run_until_complete(coro)
  File "/home/jubayer/anaconda3/envs/dsn-template/lib/python3.7/asyncio/base_events.py", line 587, in run_until_complete
    return future.result()
  File "/home/jubayer/anaconda3/envs/dsn-template/lib/python3.7/site-packages/nbclient/client.py", line 536, in async_execute
    cell, index, execution_count=self.code_cells_executed + 1
  File "/home/jubayer/anaconda3/envs/dsn-template/lib/python3.7/site-packages/nbclient/client.py", line 827, in async_execute_cell
    self._check_raise_for_error(cell, exec_reply)
  File "/home/jubayer/anaconda3/envs/dsn-template/lib/python3.7/site-packages/nbclient/client.py", line 735, in _check_raise_for_error
    raise CellExecutionError.from_cell_and_msg(cell, exec_reply['content'])
nbclient.exceptions.CellExecutionError: An error occurred while executing the following cell:
------------------
plt.figure(figsize=(10,6))
# plt.style.use("fivethirtyeight")
# Microbiology
plt.plot(age, mib_salary, label="Microbiology",  color="b", linewidth=2, marker='o')
# Pharmacy
plt.plot(ages, pharma_salary, label= "Pharmacy", color="red", linewidth=3, marker='x')
# BCS
plt.plot(ages, bcs_salary, label= "BCS", linewidth=4, linestyle='--')

plt.xlabel('Ages')
plt.ylabel('Median Salary (USD)')
plt.title('Median Salary (USD) by Age')
plt.legend() 
plt.tight_layout()
plt.show() 
------------------

[0;31m---------------------------------------------------------------------------[0m
[0;31mNameError[0m                                 Traceback (most recent call last)
[0;32m<ipython-input-14-e0bec65d8733>[0m in [0;36m<module>[0;34m[0m
[1;32m      2[0m [0;31m# plt.style.use("fivethirtyeight")[0m[0;34m[0m[0;34m[0m[0;34m[0m[0m
[1;32m      3[0m [0;31m# Microbiology[0m[0;34m[0m[0;34m[0m[0;34m[0m[0m
[0;32m----> 4[0;31m [0mplt[0m[0;34m.[0m[0mplot[0m[0;34m([0m[0mage[0m[0;34m,[0m [0mmib_salary[0m[0;34m,[0m [0mlabel[0m[0;34m=[0m[0;34m"Microbiology"[0m[0;34m,[0m  [0mcolor[0m[0;34m=[0m[0;34m"b"[0m[0;34m,[0m [0mlinewidth[0m[0;34m=[0m[0;36m2[0m[0;34m,[0m [0mmarker[0m[0;34m=[0m[0;34m'o'[0m[0;34m)[0m[0;34m[0m[0;34m[0m[0m
[0m[1;32m      5[0m [0;31m# Pharmacy[0m[0;34m[0m[0;34m[0m[0;34m[0m[0m
[1;32m      6[0m [0mplt[0m[0;34m.[0m[0mplot[0m[0;34m([0m[0mages[0m[0;34m,[0m [0mpharma_salary[0m[0;34m,[0m [0mlabel[0m[0;34m=[0m [0;34m"Pharmacy"[0m[0;34m,[0m [0mcolor[0m[0;34m=[0m[0;34m"red"[0m[0;34m,[0m [0mlinewidth[0m[0;34m=[0m[0;36m3[0m[0;34m,[0m [0mmarker[0m[0;34m=[0m[0;34m'x'[0m[0;34m)[0m[0;34m[0m[0;34m[0m[0m

[0;31mNameError[0m: name 'age' is not defined
NameError: name 'age' is not defined

